<?xml version="1.0" encoding="UTF-8"?>
<testsuite xmlns:xsi="http://www.w3.org/2001/XMLSchema-instance" xsi:noNamespaceSchemaLocation="https://maven.apache.org/surefire/maven-surefire-plugin/xsd/surefire-test-report-3.0.xsd" version="3.0" name="com.nb.vocabularytbot.VocabularyBotStackTest" time="1.618" tests="1" errors="0" skipped="0" failures="0">
  <properties>
[...]
</properties>
  <testcase name="testStackCreation" classname="com.nb.vocabularytbot.VocabularyBotStackTest" time="1.609">
    <system-out><![CDATA[Template: {Resources={VocabularyTable09137259={Type=AWS::DynamoDB::Table, Properties={AttributeDefinitions=[{AttributeName=chatId, AttributeType=S}, {AttributeName=word, AttributeType=S}], BillingMode=PAY_PER_REQUEST, KeySchema=[{AttributeName=chatId, KeyType=HASH}, {AttributeName=word, KeyType=RANGE}], PointInTimeRecoverySpecification={PointInTimeRecoveryEnabled=true}}, UpdateReplacePolicy=Delete, DeletionPolicy=Delete}, VocabularyBotFunctionServiceRole9CD5D8AC={Type=AWS::IAM::Role, Properties={AssumeRolePolicyDocument={Statement=[{Action=sts:AssumeRole, Effect=Allow, Principal={Service=lambda.amazonaws.com}}], Version=2012-10-17}, ManagedPolicyArns=[{Fn::Join=[, [arn:, {Ref=AWS::Partition}, :iam::aws:policy/service-role/AWSLambdaBasicExecutionRole]]}]}}, VocabularyBotFunctionServiceRoleDefaultPolicy04F13AAF={Type=AWS::IAM::Policy, Properties={PolicyDocument={Statement=[{Action=[dynamodb:BatchGetItem, dynamodb:GetRecords, dynamodb:GetShardIterator, dynamodb:Query, dynamodb:GetItem, dynamodb:Scan, dynamodb:ConditionCheckItem, dynamodb:BatchWriteItem, dynamodb:PutItem, dynamodb:UpdateItem, dynamodb:DeleteItem, dynamodb:DescribeTable], Effect=Allow, Resource=[{Fn::GetAtt=[VocabularyTable09137259, Arn]}, {Ref=AWS::NoValue}]}], Version=2012-10-17}, PolicyName=VocabularyBotFunctionServiceRoleDefaultPolicy04F13AAF, Roles=[{Ref=VocabularyBotFunctionServiceRole9CD5D8AC}]}}, VocabularyBotFunction5A3AA3E1={Type=AWS::Lambda::Function, Properties={Code={S3Bucket={Fn::Sub=cdk-hnb659fds-assets-${AWS::AccountId}-${AWS::Region}}, S3Key=1aeb67fd49685bfb62f2cc3d947528a2ba7f905208ef4912cfef1e76da9069d1.jar}, Environment={Variables={WORDS_PER_DAY=5, GOOGLE_CLIENT_SECRET=test-client-secret, TELEGRAM_BOT_TOKEN=test-token, SCHEDULE_CRON=0 9 * * ? *, GOOGLE_CLIENT_ID=test-client-id}}, Handler=com.tutorspace.vocabularytbot.handler.LambdaHandler, MemorySize=512, Role={Fn::GetAtt=[VocabularyBotFunctionServiceRole9CD5D8AC, Arn]}, Runtime=java17, Timeout=30}, DependsOn=[VocabularyBotFunctionServiceRoleDefaultPolicy04F13AAF, VocabularyBotFunctionServiceRole9CD5D8AC]}, VocabularyBotFunctionLogRetention03D096C5={Type=Custom::LogRetention, Properties={ServiceToken={Fn::GetAtt=[LogRetentionaae0aa3c5b4d4f87b02d85b201efdd8aFD4BFC8A, Arn]}, LogGroupName={Fn::Join=[, [/aws/lambda/, {Ref=VocabularyBotFunction5A3AA3E1}]]}, RetentionInDays=7}}, LogRetentionaae0aa3c5b4d4f87b02d85b201efdd8aServiceRole9741ECFB={Type=AWS::IAM::Role, Properties={AssumeRolePolicyDocument={Statement=[{Action=sts:AssumeRole, Effect=Allow, Principal={Service=lambda.amazonaws.com}}], Version=2012-10-17}, ManagedPolicyArns=[{Fn::Join=[, [arn:, {Ref=AWS::Partition}, :iam::aws:policy/service-role/AWSLambdaBasicExecutionRole]]}]}}, LogRetentionaae0aa3c5b4d4f87b02d85b201efdd8aServiceRoleDefaultPolicyADDA7DEB={Type=AWS::IAM::Policy, Properties={PolicyDocument={Statement=[{Action=[logs:PutRetentionPolicy, logs:DeleteRetentionPolicy], Effect=Allow, Resource=*}], Version=2012-10-17}, PolicyName=LogRetentionaae0aa3c5b4d4f87b02d85b201efdd8aServiceRoleDefaultPolicyADDA7DEB, Roles=[{Ref=LogRetentionaae0aa3c5b4d4f87b02d85b201efdd8aServiceRole9741ECFB}]}}, LogRetentionaae0aa3c5b4d4f87b02d85b201efdd8aFD4BFC8A={Type=AWS::Lambda::Function, Properties={Handler=index.handler, Runtime=nodejs18.x, Timeout=900, Code={S3Bucket={Fn::Sub=cdk-hnb659fds-assets-${AWS::AccountId}-${AWS::Region}}, S3Key=5bc602ecde93c947efe5899ae355f999986a1acbe610b1c0b9c468d738857555.zip}, Role={Fn::GetAtt=[LogRetentionaae0aa3c5b4d4f87b02d85b201efdd8aServiceRole9741ECFB, Arn]}}, DependsOn=[LogRetentionaae0aa3c5b4d4f87b02d85b201efdd8aServiceRoleDefaultPolicyADDA7DEB, LogRetentionaae0aa3c5b4d4f87b02d85b201efdd8aServiceRole9741ECFB]}, VocabularyBotApiB71F81B3={Type=AWS::ApiGateway::RestApi, Properties={Description=API for VocabularyBot Telegram integration, Name=VocabularyBot API}}, VocabularyBotApiCloudWatchRole4B59F819={Type=AWS::IAM::Role, Properties={AssumeRolePolicyDocument={Statement=[{Action=sts:AssumeRole, Effect=Allow, Principal={Service=apigateway.amazonaws.com}}], Version=2012-10-17}, ManagedPolicyArns=[{Fn::Join=[, [arn:, {Ref=AWS::Partition}, :iam::aws:policy/service-role/AmazonAPIGatewayPushToCloudWatchLogs]]}]}, UpdateReplacePolicy=Retain, DeletionPolicy=Retain}, VocabularyBotApiAccount168A370C={Type=AWS::ApiGateway::Account, Properties={CloudWatchRoleArn={Fn::GetAtt=[VocabularyBotApiCloudWatchRole4B59F819, Arn]}}, DependsOn=[VocabularyBotApiB71F81B3], UpdateReplacePolicy=Retain, DeletionPolicy=Retain}, VocabularyBotApiDeploymentFB190F2Ee7aa492034a3ec1a94e328893adeeabd={Type=AWS::ApiGateway::Deployment, Properties={Description=API for VocabularyBot Telegram integration, RestApiId={Ref=VocabularyBotApiB71F81B3}}, DependsOn=[VocabularyBotApiPOSTCDB0A878]}, VocabularyBotApiDeploymentStageprod0B9C76DC={Type=AWS::ApiGateway::Stage, Properties={DeploymentId={Ref=VocabularyBotApiDeploymentFB190F2Ee7aa492034a3ec1a94e328893adeeabd}, RestApiId={Ref=VocabularyBotApiB71F81B3}, StageName=prod}, DependsOn=[VocabularyBotApiAccount168A370C]}, VocabularyBotApiPOSTApiPermissionTestStackVocabularyBotApiB91942F6POST09B3B27A={Type=AWS::Lambda::Permission, Properties={Action=lambda:InvokeFunction, FunctionName={Fn::GetAtt=[VocabularyBotFunction5A3AA3E1, Arn]}, Principal=apigateway.amazonaws.com, SourceArn={Fn::Join=[, [arn:, {Ref=AWS::Partition}, :execute-api:, {Ref=AWS::Region}, :, {Ref=AWS::AccountId}, :, {Ref=VocabularyBotApiB71F81B3}, /, {Ref=VocabularyBotApiDeploymentStageprod0B9C76DC}, /POST/]]}}}, VocabularyBotApiPOSTApiPermissionTestTestStackVocabularyBotApiB91942F6POSTD4AC6A92={Type=AWS::Lambda::Permission, Properties={Action=lambda:InvokeFunction, FunctionName={Fn::GetAtt=[VocabularyBotFunction5A3AA3E1, Arn]}, Principal=apigateway.amazonaws.com, SourceArn={Fn::Join=[, [arn:, {Ref=AWS::Partition}, :execute-api:, {Ref=AWS::Region}, :, {Ref=AWS::AccountId}, :, {Ref=VocabularyBotApiB71F81B3}, /test-invoke-stage/POST/]]}}}, VocabularyBotApiPOSTCDB0A878={Type=AWS::ApiGateway::Method, Properties={AuthorizationType=NONE, HttpMethod=POST, Integration={IntegrationHttpMethod=POST, Type=AWS_PROXY, Uri={Fn::Join=[, [arn:, {Ref=AWS::Partition}, :apigateway:, {Ref=AWS::Region}, :lambda:path/2015-03-31/functions/, {Fn::GetAtt=[VocabularyBotFunction5A3AA3E1, Arn]}, /invocations]]}}, ResourceId={Fn::GetAtt=[VocabularyBotApiB71F81B3, RootResourceId]}, RestApiId={Ref=VocabularyBotApiB71F81B3}}}, ScheduledVocabularyRule0214C765={Type=AWS::Events::Rule, Properties={ScheduleExpression=cron(0 9 * * ? *), State=ENABLED, Targets=[{Arn={Fn::GetAtt=[VocabularyBotFunction5A3AA3E1, Arn]}, Id=Target0}]}}, ScheduledVocabularyRuleAllowEventRuleTestStackVocabularyBotFunction0F33A42B55C0EACD={Type=AWS::Lambda::Permission, Properties={Action=lambda:InvokeFunction, FunctionName={Fn::GetAtt=[VocabularyBotFunction5A3AA3E1, Arn]}, Principal=events.amazonaws.com, SourceArn={Fn::GetAtt=[ScheduledVocabularyRule0214C765, Arn]}}}}, Outputs={VocabularyBotApiEndpoint4A84D791={Value={Fn::Join=[, [https://, {Ref=VocabularyBotApiB71F81B3}, .execute-api., {Ref=AWS::Region}, ., {Ref=AWS::URLSuffix}, /, {Ref=VocabularyBotApiDeploymentStageprod0B9C76DC}, /]]}}, ApiUrl={Description=API Gateway URL, Value={Fn::Join=[, [https://, {Ref=VocabularyBotApiB71F81B3}, .execute-api., {Ref=AWS::Region}, ., {Ref=AWS::URLSuffix}, /, {Ref=VocabularyBotApiDeploymentStageprod0B9C76DC}, /]]}}}, Parameters={BootstrapVersion={Type=AWS::SSM::Parameter::Value<String>, Default=/cdk-bootstrap/hnb659fds/version, Description=Version of the CDK Bootstrap resources in this environment, automatically retrieved from SSM Parameter Store. [cdk:skip]}}, Rules={CheckBootstrapVersion={Assertions=[{Assert={Fn::Not=[{Fn::Contains=[[1, 2, 3, 4, 5], {Ref=BootstrapVersion}]}]}, AssertDescription=CDK bootstrap stack version 6 required. Please run 'cdk bootstrap' with a recent version of the CDK CLI.}]}}}
]]></system-out>
  </testcase>
</testsuite>